Arguments: 
  /usr/local/bin/node /usr/local/bin/yarn

PATH: 
  /usr/local/bin:/usr/bin:/bin:/usr/sbin:/sbin

Yarn version: 
  1.22.19

Node version: 
  16.20.0

Platform: 
  darwin x64

Trace: 
  Error: https://registry.yarnpkg.com/@angular%2fcompiler-cli: ESOCKETTIMEDOUT
      at ClientRequest.<anonymous> (/usr/local/lib/node_modules/yarn/lib/cli.js:141517:19)
      at Object.onceWrapper (node:events:627:28)
      at ClientRequest.emit (node:events:513:28)
      at TLSSocket.emitRequestTimeout (node:_http_client:839:9)
      at Object.onceWrapper (node:events:627:28)
      at TLSSocket.emit (node:events:525:35)
      at TLSSocket.Socket._onTimeout (node:net:550:8)
      at listOnTimeout (node:internal/timers:559:17)
      at processTimers (node:internal/timers:502:7)

npm manifest: 
  {
    "name": "sunbird-kids",
    "version": "0.0.0",
    "scripts": {
      "ng": "ng",
      "start": "ng serve",
      "build": "ng build",
      "watch": "ng build --watch --configuration development",
      "test": "ng test"
    },
    "private": true,
    "dependencies": {
      "@angular/animations": "^14.2.0",
      "@angular/cdk": "14",
      "@angular/common": "^14.2.0",
      "@angular/compiler": "^14.2.0",
      "@angular/core": "^14.2.0",
      "@angular/forms": "^14.2.0",
      "@angular/material": "14",
      "@angular/platform-browser": "^14.2.0",
      "@angular/platform-browser-dynamic": "^14.2.0",
      "@angular/router": "^14.2.0",
      "rxjs": "~7.5.0",
      "tslib": "^2.3.0",
      "zone.js": "~0.11.4"
    },
    "devDependencies": {
      "@angular-devkit/build-angular": "^14.2.11",
      "@angular/cli": "~14.2.11",
      "@angular/compiler-cli": "^14.2.0",
      "@types/jasmine": "~4.0.0",
      "@vercel/analytics": "^1.0.1",
      "jasmine-core": "~4.3.0",
      "karma": "~6.4.0",
      "karma-chrome-launcher": "~3.1.0",
      "karma-coverage": "~2.2.0",
      "karma-jasmine": "~5.1.0",
      "karma-jasmine-html-reporter": "~2.0.0",
      "typescript": "~4.7.2"
    }
  }

yarn manifest: 
  No manifest

Lockfile: 
  No lockfile
